****[pid=15657]:[2020-03-08 11:1458]****)*[INFO]*****:
Hello World!
****[pid=15657]:[2020-03-08 11:1458]****)*[error]*****:
H.e.l.l.o W.o.r.l.d!
****[pid=15657]:[2020-03-08 11:1458]****)*[mint]*****:
H e l l o W o r l d!
****[pid=15657]:[2020-03-08 11:1458]****)*[iout]*****:
Hallo World!
****[pid=15848]:[2020-03-08 11:1642]****)*[INFO]*****:
Hello World!
****[pid=15848]:[2020-03-08 11:1642]****)*[error]*****:
H.e.l.l.o W.o.r.l.d!
****[pid=15848]:[2020-03-08 11:1642]****)*[mint]*****:
H e l l o W o r l d!
****[pid=15848]:[2020-03-08 11:1642]****)*[iout]*****:
Hallo World!
****[pid=15869]:[2020-03-08 11:1707]****)*[INFO]*****:
Hello World!
****[pid=15869]:[2020-03-08 11:1707]****)*[error]*****:
H.e.l.l.o W.o.r.l.d!
****[pid=15869]:[2020-03-08 11:1707]****)*[mint]*****:
H e l l o W o r l d!
****[pid=15869]:[2020-03-08 11:1707]****)*[iout]*****:
Hallo World!
